<html>
<body>
<pre>
<h1>Vision Build Log</h1>
<h2>Project:</h2>
D:\我的文档\keil_project\6_TIM_DEMO_ST3.5.0\Project\DEMO.uvproj
Project File Date:  03/21/2014

<h2>Output:</h2>
Build target 'flash'
compiling mpu6050_driver.c...
..\Driver\mpu6050_driver.c(195): error:  #20: identifier "S_FLOAT_ANGLE" is undefined
..\Driver\mpu6050_driver.c(214): warning:  #223-D: function "sqrt" declared implicitly
..\Driver\mpu6050_driver.c(246): warning:  #223-D: function "asin" declared implicitly
..\Driver\mpu6050_driver.c(247): warning:  #223-D: function "atan2" declared implicitly
..\Driver\mpu6050_driver.c(199): warning:  #177-D: variable "hx" was declared but never referenced
..\Driver\mpu6050_driver.c(199): warning:  #177-D: variable "hy" was declared but never referenced
..\Driver\mpu6050_driver.c(199): warning:  #177-D: variable "hz" was declared but never referenced
..\Driver\mpu6050_driver.c(199): warning:  #177-D: variable "bx" was declared but never referenced
..\Driver\mpu6050_driver.c(199): warning:  #177-D: variable "bz" was declared but never referenced
..\Driver\mpu6050_driver.c(206): warning:  #177-D: variable "q0q3" was declared but never referenced
..\Driver\mpu6050_driver.c(208): warning:  #177-D: variable "q1q2" was declared but never referenced
Target not created
Build target 'flash'
compiling mpu6050_driver.c...
..\Driver\mpu6050_driver.c(196): error:  #20: identifier "S_FLOAT_ANGLE" is undefined
..\Driver\mpu6050_driver.c(200): warning:  #177-D: variable "hx" was declared but never referenced
..\Driver\mpu6050_driver.c(200): warning:  #177-D: variable "hy" was declared but never referenced
..\Driver\mpu6050_driver.c(200): warning:  #177-D: variable "hz" was declared but never referenced
..\Driver\mpu6050_driver.c(200): warning:  #177-D: variable "bx" was declared but never referenced
..\Driver\mpu6050_driver.c(200): warning:  #177-D: variable "bz" was declared but never referenced
..\Driver\mpu6050_driver.c(207): warning:  #177-D: variable "q0q3" was declared but never referenced
..\Driver\mpu6050_driver.c(209): warning:  #177-D: variable "q1q2" was declared but never referenced
Target not created
Build target 'flash'
compiling mpu6050_driver.c...
..\Driver\mpu6050_driver.c(203): warning:  #177-D: variable "hx" was declared but never referenced
..\Driver\mpu6050_driver.c(203): warning:  #177-D: variable "hy" was declared but never referenced
..\Driver\mpu6050_driver.c(203): warning:  #177-D: variable "hz" was declared but never referenced
..\Driver\mpu6050_driver.c(203): warning:  #177-D: variable "bx" was declared but never referenced
..\Driver\mpu6050_driver.c(203): warning:  #177-D: variable "bz" was declared but never referenced
..\Driver\mpu6050_driver.c(210): warning:  #177-D: variable "q0q3" was declared but never referenced
..\Driver\mpu6050_driver.c(212): warning:  #177-D: variable "q1q2" was declared but never referenced
linking...
Program Size: Code=14640 RO-data=344 RW-data=172 ZI-data=1060  
FromELF: creating hex file...
"DEMO.axf" - 0 Error(s), 7 Warning(s).
Build target 'flash'
compiling mpu6050_driver.c...
..\Driver\mpu6050_driver.c(253): warning:  #181-D: argument is incompatible with corresponding format string conversion
..\Driver\mpu6050_driver.c(253): warning:  #181-D: argument is incompatible with corresponding format string conversion
..\Driver\mpu6050_driver.c(203): warning:  #177-D: variable "hx" was declared but never referenced
..\Driver\mpu6050_driver.c(203): warning:  #177-D: variable "hy" was declared but never referenced
..\Driver\mpu6050_driver.c(203): warning:  #177-D: variable "hz" was declared but never referenced
..\Driver\mpu6050_driver.c(203): warning:  #177-D: variable "bx" was declared but never referenced
..\Driver\mpu6050_driver.c(203): warning:  #177-D: variable "bz" was declared but never referenced
..\Driver\mpu6050_driver.c(210): warning:  #177-D: variable "q0q3" was declared but never referenced
..\Driver\mpu6050_driver.c(212): warning:  #177-D: variable "q1q2" was declared but never referenced
linking...
Program Size: Code=14640 RO-data=344 RW-data=172 ZI-data=1060  
FromELF: creating hex file...
"DEMO.axf" - 0 Error(s), 9 Warning(s).
Build target 'flash'
compiling mpu6050_driver.c...
..\Driver\mpu6050_driver.c(253): warning:  #181-D: argument is incompatible with corresponding format string conversion
..\Driver\mpu6050_driver.c(253): warning:  #181-D: argument is incompatible with corresponding format string conversion
..\Driver\mpu6050_driver.c(254): warning:  #181-D: argument is incompatible with corresponding format string conversion
..\Driver\mpu6050_driver.c(203): warning:  #177-D: variable "hx" was declared but never referenced
..\Driver\mpu6050_driver.c(203): warning:  #177-D: variable "hy" was declared but never referenced
..\Driver\mpu6050_driver.c(203): warning:  #177-D: variable "hz" was declared but never referenced
..\Driver\mpu6050_driver.c(203): warning:  #177-D: variable "bx" was declared but never referenced
..\Driver\mpu6050_driver.c(203): warning:  #177-D: variable "bz" was declared but never referenced
..\Driver\mpu6050_driver.c(210): warning:  #177-D: variable "q0q3" was declared but never referenced
..\Driver\mpu6050_driver.c(212): warning:  #177-D: variable "q1q2" was declared but never referenced
linking...
Program Size: Code=14640 RO-data=344 RW-data=172 ZI-data=1060  
FromELF: creating hex file...
"DEMO.axf" - 0 Error(s), 10 Warning(s).
Build target 'flash'
compiling mpu6050_driver.c...
..\Driver\mpu6050_driver.c(253): warning:  #181-D: argument is incompatible with corresponding format string conversion
..\Driver\mpu6050_driver.c(253): warning:  #225-D: the format string ends before this argument
..\Driver\mpu6050_driver.c(254): warning:  #181-D: argument is incompatible with corresponding format string conversion
..\Driver\mpu6050_driver.c(203): warning:  #177-D: variable "hx" was declared but never referenced
..\Driver\mpu6050_driver.c(203): warning:  #177-D: variable "hy" was declared but never referenced
..\Driver\mpu6050_driver.c(203): warning:  #177-D: variable "hz" was declared but never referenced
..\Driver\mpu6050_driver.c(203): warning:  #177-D: variable "bx" was declared but never referenced
..\Driver\mpu6050_driver.c(203): warning:  #177-D: variable "bz" was declared but never referenced
..\Driver\mpu6050_driver.c(210): warning:  #177-D: variable "q0q3" was declared but never referenced
..\Driver\mpu6050_driver.c(212): warning:  #177-D: variable "q1q2" was declared but never referenced
linking...
Program Size: Code=14640 RO-data=344 RW-data=172 ZI-data=1060  
FromELF: creating hex file...
"DEMO.axf" - 0 Error(s), 10 Warning(s).
Build target 'flash'
compiling mpu6050_driver.c...
..\Driver\mpu6050_driver.c(253): warning:  #181-D: argument is incompatible with corresponding format string conversion
..\Driver\mpu6050_driver.c(254): warning:  #181-D: argument is incompatible with corresponding format string conversion
..\Driver\mpu6050_driver.c(203): warning:  #177-D: variable "hx" was declared but never referenced
..\Driver\mpu6050_driver.c(203): warning:  #177-D: variable "hy" was declared but never referenced
..\Driver\mpu6050_driver.c(203): warning:  #177-D: variable "hz" was declared but never referenced
..\Driver\mpu6050_driver.c(203): warning:  #177-D: variable "bx" was declared but never referenced
..\Driver\mpu6050_driver.c(203): warning:  #177-D: variable "bz" was declared but never referenced
..\Driver\mpu6050_driver.c(210): warning:  #177-D: variable "q0q3" was declared but never referenced
..\Driver\mpu6050_driver.c(212): warning:  #177-D: variable "q1q2" was declared but never referenced
linking...
Program Size: Code=14640 RO-data=344 RW-data=172 ZI-data=1060  
FromELF: creating hex file...
"DEMO.axf" - 0 Error(s), 9 Warning(s).
Build target 'flash'
compiling mpu6050_driver.c...
..\Driver\mpu6050_driver.c(203): warning:  #177-D: variable "hx" was declared but never referenced
..\Driver\mpu6050_driver.c(203): warning:  #177-D: variable "hy" was declared but never referenced
..\Driver\mpu6050_driver.c(203): warning:  #177-D: variable "hz" was declared but never referenced
..\Driver\mpu6050_driver.c(203): warning:  #177-D: variable "bx" was declared but never referenced
..\Driver\mpu6050_driver.c(203): warning:  #177-D: variable "bz" was declared but never referenced
..\Driver\mpu6050_driver.c(210): warning:  #177-D: variable "q0q3" was declared but never referenced
..\Driver\mpu6050_driver.c(212): warning:  #177-D: variable "q1q2" was declared but never referenced
linking...
Program Size: Code=17770 RO-data=342 RW-data=172 ZI-data=1060  
FromELF: creating hex file...
"DEMO.axf" - 0 Error(s), 7 Warning(s).
Build target 'flash'
compiling mpu6050_driver.c...
..\Driver\mpu6050_driver.c(203): warning:  #177-D: variable "hx" was declared but never referenced
..\Driver\mpu6050_driver.c(203): warning:  #177-D: variable "hy" was declared but never referenced
..\Driver\mpu6050_driver.c(203): warning:  #177-D: variable "hz" was declared but never referenced
..\Driver\mpu6050_driver.c(203): warning:  #177-D: variable "bx" was declared but never referenced
..\Driver\mpu6050_driver.c(203): warning:  #177-D: variable "bz" was declared but never referenced
..\Driver\mpu6050_driver.c(210): warning:  #177-D: variable "q0q3" was declared but never referenced
..\Driver\mpu6050_driver.c(212): warning:  #177-D: variable "q1q2" was declared but never referenced
linking...
Program Size: Code=17770 RO-data=342 RW-data=172 ZI-data=1060  
FromELF: creating hex file...
"DEMO.axf" - 0 Error(s), 7 Warning(s).
Build target 'flash'
compiling stm32f10x_it.c...
linking...
Program Size: Code=23600 RO-data=584 RW-data=176 ZI-data=1080  
FromELF: creating hex file...
"DEMO.axf" - 0 Error(s), 0 Warning(s).
Build target 'flash'
compiling System_Init.c...
linking...
Program Size: Code=23592 RO-data=584 RW-data=176 ZI-data=1080  
FromELF: creating hex file...
"DEMO.axf" - 0 Error(s), 0 Warning(s).
Rebuild target 'flash'
compiling main.c...
compiling stm32f10x_it.c...
compiling core_cm3.c...
compiling system_stm32f10x.c...
compiling stm32f10x_gpio.c...
compiling stm32f10x_rcc.c...
compiling stm32f10x_spi.c...
compiling stm32f10x_usart.c...
compiling misc.c...
compiling stm32f10x_i2c.c...
compiling stm32f10x_exti.c...
compiling stm32f10x_wwdg.c...
compiling stm32f10x_flash.c...
compiling stm32f10x_systick.c...
compiling stm32f10x_tim.c...
assembling startup_stm32f10x_hd.s...
compiling Driver.c...
compiling System_Init.c...
compiling mpu6050_driver.c...
..\Driver\mpu6050_driver.c(203): warning:  #177-D: variable "hx" was declared but never referenced
..\Driver\mpu6050_driver.c(203): warning:  #177-D: variable "hy" was declared but never referenced
..\Driver\mpu6050_driver.c(203): warning:  #177-D: variable "hz" was declared but never referenced
..\Driver\mpu6050_driver.c(203): warning:  #177-D: variable "bx" was declared but never referenced
..\Driver\mpu6050_driver.c(203): warning:  #177-D: variable "bz" was declared but never referenced
..\Driver\mpu6050_driver.c(210): warning:  #177-D: variable "q0q3" was declared but never referenced
..\Driver\mpu6050_driver.c(212): warning:  #177-D: variable "q1q2" was declared but never referenced
compiling I2C_driver.c...
compiling ImitateI2C.c...
compiling TIM_driver.c...
compiling NRF24L01_Driver.c...
compiling NRF24L01_Driver_send.c...
compiling Control_Driver.c...
..\Driver\Control_Driver.c(55): warning:  #223-D: function "USART1_SendData" declared implicitly
linking...
Program Size: Code=23592 RO-data=584 RW-data=176 ZI-data=1080  
FromELF: creating hex file...
"DEMO.axf" - 0 Error(s), 8 Warning(s).
Load "D:\\我的文档\\keil_project\\6_TIM_DEMO_ST3.5.0\\Project\\DEMO.AXF" 
Set JLink Project File to "D:\我的文档\keil_project\6_TIM_DEMO_ST3.5.0\Project\JLinkSettings.ini"
* JLink Info: Device "STM32F103RC" selected (256 KB flash, 48 KB RAM).
 
JLink info:
------------
DLL: V4.54a, compiled Sep 17 2012 15:58:45
Firmware: J-Link ARM V8 compiled Aug  1 2012 13:40:47
Hardware: V8.00
S/N : 99999994 
Feature(s) : RDI,FlashDL,FlashBP,JFlash,GDBFULL 
 
* JLink Info: TotalIRLen = 9, IRPrint = 0x0011
* JLink Info: TotalIRLen = 9, IRPrint = 0x0011
* JLink Info: Found Cortex-M3 r1p1, Little endian.
* JLink Info: TPIU fitted.
* JLink Info: ETM fitted.
* JLink Info: FPUnit: 6 code (BP) slots and 2 literal slots
ROMTableAddr = 0xE00FF003
* JLink Info: Found Cortex-M3 r1p1, Little endian.
* JLink Info: TPIU fitted.
* JLink Info: ETM fitted.
* JLink Info: FPUnit: 6 code (BP) slots and 2 literal slots
 
Target info:
------------
Device: STM32F103RC
VTarget = 3.306V
State of Pins: 
TCK: 1, TDI: 0, TDO: 0, TMS: 0, TRES: 1, TRST: 1
Hardware-Breakpoints: 6
Software-Breakpoints: 8192
Watchpoints:          4
JTAG speed: 2000 kHz
 
Erase Done.
Programming Done.
Verify OK.
* JLink Info: Found Cortex-M3 r1p1, Little endian.
* JLink Info: TPIU fitted.
* JLink Info: ETM fitted.
* JLink Info: FPUnit: 6 code (BP) slots and 2 literal slots
Application running ...
Build target 'flash'
compiling mpu6050_driver.c...
..\Driver\mpu6050_driver.c(203): warning:  #177-D: variable "hx" was declared but never referenced
..\Driver\mpu6050_driver.c(203): warning:  #177-D: variable "hy" was declared but never referenced
..\Driver\mpu6050_driver.c(203): warning:  #177-D: variable "hz" was declared but never referenced
..\Driver\mpu6050_driver.c(203): warning:  #177-D: variable "bx" was declared but never referenced
..\Driver\mpu6050_driver.c(203): warning:  #177-D: variable "bz" was declared but never referenced
..\Driver\mpu6050_driver.c(210): warning:  #177-D: variable "q0q3" was declared but never referenced
..\Driver\mpu6050_driver.c(212): warning:  #177-D: variable "q1q2" was declared but never referenced
linking...
Program Size: Code=23728 RO-data=584 RW-data=176 ZI-data=1080  
FromELF: creating hex file...
"DEMO.axf" - 0 Error(s), 7 Warning(s).
Load "D:\\我的文档\\keil_project\\6_TIM_DEMO_ST3.5.0\\Project\\DEMO.AXF" 
Set JLink Project File to "D:\我的文档\keil_project\6_TIM_DEMO_ST3.5.0\Project\JLinkSettings.ini"
* JLink Info: Device "STM32F103RC" selected (256 KB flash, 48 KB RAM).
 
JLink info:
------------
DLL: V4.54a, compiled Sep 17 2012 15:58:45
Firmware: J-Link ARM V8 compiled Aug  1 2012 13:40:47
Hardware: V8.00
S/N : 99999994 
Feature(s) : RDI,FlashDL,FlashBP,JFlash,GDBFULL 
 
* JLink Info: TotalIRLen = 9, IRPrint = 0x0011
* JLink Info: TotalIRLen = 9, IRPrint = 0x0011
* JLink Info: Found Cortex-M3 r1p1, Little endian.
* JLink Info: TPIU fitted.
* JLink Info: ETM fitted.
* JLink Info: FPUnit: 6 code (BP) slots and 2 literal slots
ROMTableAddr = 0xE00FF003
* JLink Info: Found Cortex-M3 r1p1, Little endian.
* JLink Info: TPIU fitted.
* JLink Info: ETM fitted.
* JLink Info: FPUnit: 6 code (BP) slots and 2 literal slots
 
Target info:
------------
Device: STM32F103RC
VTarget = 3.306V
State of Pins: 
TCK: 1, TDI: 0, TDO: 0, TMS: 0, TRES: 1, TRST: 1
Hardware-Breakpoints: 6
Software-Breakpoints: 8192
Watchpoints:          4
JTAG speed: 2000 kHz
 
Erase Done.
Programming Done.
Verify OK.
* JLink Info: Found Cortex-M3 r1p1, Little endian.
* JLink Info: TPIU fitted.
* JLink Info: ETM fitted.
* JLink Info: FPUnit: 6 code (BP) slots and 2 literal slots
Application running ...
Build target 'flash'
linking...
Program Size: Code=23728 RO-data=584 RW-data=176 ZI-data=1080  
FromELF: creating hex file...
"DEMO.axf" - 0 Error(s), 0 Warning(s).
Load "D:\\我的文档\\keil_project\\6_TIM_DEMO_ST3.5.0\\Project\\DEMO.AXF" 
Set JLink Project File to "D:\我的文档\keil_project\6_TIM_DEMO_ST3.5.0\Project\JLinkSettings.ini"
* JLink Info: Device "STM32F103RC" selected (256 KB flash, 48 KB RAM).
 
JLink info:
------------
DLL: V4.54a, compiled Sep 17 2012 15:58:45
Firmware: J-Link ARM V8 compiled Aug  1 2012 13:40:47
Hardware: V8.00
S/N : 99999994 
Feature(s) : RDI,FlashDL,FlashBP,JFlash,GDBFULL 
 
* JLink Info: TotalIRLen = 9, IRPrint = 0x0011
* JLink Info: TotalIRLen = 9, IRPrint = 0x0011
* JLink Info: Found Cortex-M3 r1p1, Little endian.
* JLink Info: TPIU fitted.
* JLink Info: ETM fitted.
* JLink Info: FPUnit: 6 code (BP) slots and 2 literal slots
ROMTableAddr = 0xE00FF003
* JLink Info: Found Cortex-M3 r1p1, Little endian.
* JLink Info: TPIU fitted.
* JLink Info: ETM fitted.
* JLink Info: FPUnit: 6 code (BP) slots and 2 literal slots
 
Target info:
------------
Device: STM32F103RC
VTarget = 3.306V
State of Pins: 
TCK: 1, TDI: 0, TDO: 0, TMS: 0, TRES: 1, TRST: 1
Hardware-Breakpoints: 6
Software-Breakpoints: 8192
Watchpoints:          4
JTAG speed: 2000 kHz
 
Erase Done.
Programming Done.
Verify OK.
* JLink Info: Found Cortex-M3 r1p1, Little endian.
* JLink Info: TPIU fitted.
* JLink Info: ETM fitted.
* JLink Info: FPUnit: 6 code (BP) slots and 2 literal slots
Application running ...
Build target 'flash'
compiling main.c...
compiling stm32f10x_it.c...
compiling mpu6050_driver.c...
..\Driver\mpu6050_driver.c(203): warning:  #177-D: variable "hx" was declared but never referenced
..\Driver\mpu6050_driver.c(203): warning:  #177-D: variable "hy" was declared but never referenced
..\Driver\mpu6050_driver.c(203): warning:  #177-D: variable "hz" was declared but never referenced
..\Driver\mpu6050_driver.c(203): warning:  #177-D: variable "bx" was declared but never referenced
..\Driver\mpu6050_driver.c(203): warning:  #177-D: variable "bz" was declared but never referenced
..\Driver\mpu6050_driver.c(210): warning:  #177-D: variable "q0q3" was declared but never referenced
..\Driver\mpu6050_driver.c(212): warning:  #177-D: variable "q1q2" was declared but never referenced
linking...
Program Size: Code=23728 RO-data=584 RW-data=176 ZI-data=1080  
FromELF: creating hex file...
"DEMO.axf" - 0 Error(s), 7 Warning(s).
Build target 'flash'
linking...
Program Size: Code=23728 RO-data=584 RW-data=176 ZI-data=1080  
FromELF: creating hex file...
"DEMO.axf" - 0 Error(s), 0 Warning(s).
Build target 'flash'
compiling mpu6050_driver.c...
..\Driver\mpu6050_driver.c(203): warning:  #177-D: variable "hx" was declared but never referenced
..\Driver\mpu6050_driver.c(203): warning:  #177-D: variable "hy" was declared but never referenced
..\Driver\mpu6050_driver.c(203): warning:  #177-D: variable "hz" was declared but never referenced
..\Driver\mpu6050_driver.c(203): warning:  #177-D: variable "bx" was declared but never referenced
..\Driver\mpu6050_driver.c(203): warning:  #177-D: variable "bz" was declared but never referenced
..\Driver\mpu6050_driver.c(210): warning:  #177-D: variable "q0q3" was declared but never referenced
..\Driver\mpu6050_driver.c(212): warning:  #177-D: variable "q1q2" was declared but never referenced
linking...
Program Size: Code=23728 RO-data=584 RW-data=176 ZI-data=1080  
FromELF: creating hex file...
"DEMO.axf" - 0 Error(s), 7 Warning(s).
Load "D:\\我的文档\\keil_project\\6_TIM_DEMO_ST3.5.0\\Project\\DEMO.AXF" 
Set JLink Project File to "D:\我的文档\keil_project\6_TIM_DEMO_ST3.5.0\Project\JLinkSettings.ini"
* JLink Info: Device "STM32F103RC" selected (256 KB flash, 48 KB RAM).
 
JLink info:
------------
DLL: V4.54a, compiled Sep 17 2012 15:58:45
Firmware: J-Link ARM V8 compiled Aug  1 2012 13:40:47
Hardware: V8.00
S/N : 99999994 
Feature(s) : RDI,FlashDL,FlashBP,JFlash,GDBFULL 
 
* JLink Info: TotalIRLen = 9, IRPrint = 0x0011
* JLink Info: TotalIRLen = 9, IRPrint = 0x0011
* JLink Info: Found Cortex-M3 r1p1, Little endian.
* JLink Info: TPIU fitted.
* JLink Info: ETM fitted.
* JLink Info: FPUnit: 6 code (BP) slots and 2 literal slots
ROMTableAddr = 0xE00FF003
* JLink Info: Found Cortex-M3 r1p1, Little endian.
* JLink Info: TPIU fitted.
* JLink Info: ETM fitted.
* JLink Info: FPUnit: 6 code (BP) slots and 2 literal slots
 
Target info:
------------
Device: STM32F103RC
VTarget = 3.306V
State of Pins: 
TCK: 1, TDI: 0, TDO: 0, TMS: 0, TRES: 1, TRST: 1
Hardware-Breakpoints: 6
Software-Breakpoints: 8192
Watchpoints:          4
JTAG speed: 2000 kHz
 
Erase Done.
Programming Done.
Verify OK.
* JLink Info: Found Cortex-M3 r1p1, Little endian.
* JLink Info: TPIU fitted.
* JLink Info: ETM fitted.
* JLink Info: FPUnit: 6 code (BP) slots and 2 literal slots
Application running ...
